-------------------------------------------------------------------------------
Test set: com.promineotech.jeep.controller.FetchJeepTest
-------------------------------------------------------------------------------
Tests run: 1, Failures: 0, Errors: 1, Skipped: 0, Time elapsed: 3.482 s <<< FAILURE! - in com.promineotech.jeep.controller.FetchJeepTest
testThatJeepsAreRetrunedWhenAValidModelAndTrimAreSupplied  Time elapsed: 0.634 s  <<< ERROR!
org.springframework.web.client.RestClientException: 
Error while extracting response for type [java.util.List<com.promineotech.jeep.entity.Jeep>] and content type [application/json]; nested exception is org.springframework.http.converter.HttpMessageNotReadableException: JSON parse error: Cannot deserialize value of type `java.util.ArrayList<com.promineotech.jeep.entity.Jeep>` from Object value (token `JsonToken.START_OBJECT`); nested exception is com.fasterxml.jackson.databind.exc.MismatchedInputException: Cannot deserialize value of type `java.util.ArrayList<com.promineotech.jeep.entity.Jeep>` from Object value (token `JsonToken.START_OBJECT`)
 at [Source: (org.springframework.util.StreamUtils$NonClosingInputStream); line: 1, column: 1]
	at com.promineotech.jeep.controller.FetchJeepTest.testThatJeepsAreRetrunedWhenAValidModelAndTrimAreSupplied(FetchJeepTest.java:43)
Caused by: org.springframework.http.converter.HttpMessageNotReadableException: 
JSON parse error: Cannot deserialize value of type `java.util.ArrayList<com.promineotech.jeep.entity.Jeep>` from Object value (token `JsonToken.START_OBJECT`); nested exception is com.fasterxml.jackson.databind.exc.MismatchedInputException: Cannot deserialize value of type `java.util.ArrayList<com.promineotech.jeep.entity.Jeep>` from Object value (token `JsonToken.START_OBJECT`)
 at [Source: (org.springframework.util.StreamUtils$NonClosingInputStream); line: 1, column: 1]
	at com.promineotech.jeep.controller.FetchJeepTest.testThatJeepsAreRetrunedWhenAValidModelAndTrimAreSupplied(FetchJeepTest.java:43)
Caused by: com.fasterxml.jackson.databind.exc.MismatchedInputException: 
Cannot deserialize value of type `java.util.ArrayList<com.promineotech.jeep.entity.Jeep>` from Object value (token `JsonToken.START_OBJECT`)
 at [Source: (org.springframework.util.StreamUtils$NonClosingInputStream); line: 1, column: 1]
	at com.promineotech.jeep.controller.FetchJeepTest.testThatJeepsAreRetrunedWhenAValidModelAndTrimAreSupplied(FetchJeepTest.java:43)

